make all --print-data-base --no-builtin-variables --no-builtin-rules --question
# GNU Make 3.81
# Copyright (C) 2006  Free Software Foundation, Inc.
# This is free software; see the source for copying conditions.
# There is NO warranty; not even for MERCHANTABILITY or FITNESS FOR A
# PARTICULAR PURPOSE.

# This program built for i386-apple-darwin11.3.0
 
make: *** No rule to make target `all'.  Stop.


# Make data base, printed on Wed Aug 17 16:25:54 2022

# Variables

# environment
VSCODE_GIT_ASKPASS_MAIN = /Applications/Visual Studio Code.app/Contents/Resources/app/extensions/git/dist/askpass-main.js
# automatic
<D = $(patsubst %/,%,$(dir $<))
# automatic
?F = $(notdir $?)
# environment
ELECTRON_NO_ATTACH_CONSOLE = 1
# automatic
?D = $(patsubst %/,%,$(dir $?))
# automatic
@D = $(patsubst %/,%,$(dir $@))
# automatic
@F = $(notdir $@)
# makefile
CURDIR := /Users/robertu/Documents/Projects/Matters/thespace-app
# makefile
SHELL = /bin/sh
# environment
VSCODE_NLS_CONFIG = {"locale":"en-us","availableLanguages":{},"_languagePackSupport":true}
# environment
_ = /usr/bin/make
# makefile (from `Makefile', line 1)
MAKEFILE_LIST :=  Makefile
# environment
VSCODE_INJECTION = 1
# environment
AUTOJUMP_SOURCED = 1
# environment
__CFBundleIdentifier = com.microsoft.VSCode
# environment
INFOPATH = /opt/homebrew/share/info:/opt/homebrew/share/info:
# environment
VSCODE_CWD = /Users/robertu/Documents/Projects/Matters
# environment
PATH = /opt/homebrew/bin:/opt/homebrew/sbin:/usr/local/bin:/usr/bin:/bin:/usr/sbin:/sbin:/Applications/VMware Fusion Tech Preview.app/Contents/Public:/usr/local/go/bin:/usr/local/MacGPG2/bin:/opt/homebrew/bin:/opt/homebrew/sbin:/Users/robertu/.cargo/bin:/Users/robertu/.foundry/bin:/Users/robertu/.foundry/bin:/usr/local/go/bin
# environment
LSCOLORS = Gxfxcxdxbxegedabagacad
# environment
FIG_NEW_SESSION = 1
# environment
ZDOTDIR = /var/folders/ym/lf41yzfn2q55y28dm12lnkv80000gn/T/vscode-zsh
# environment
GOPATH = /Users/robertu/go
# environment
ELECTRON_RUN_AS_NODE = 1
# default
.FEATURES := target-specific order-only second-expansion else-if archives jobserver check-symlink
# environment
SSH_AUTH_SOCK = /private/tmp/com.apple.launchd.MYbp1G8UuX/Listeners
# automatic
%F = $(notdir $%)
# environment
all_proxy = socks5://127.0.0.1:7890
# environment
PWD = /Users/robertu/Documents/Projects/Matters/thespace-app
# environment
HOMEBREW_CELLAR = /opt/homebrew/Cellar
# environment
ORIGINAL_XDG_CURRENT_DESKTOP = undefined
# environment
MANPATH = /opt/homebrew/share/man:/usr/share/man:/usr/local/share/man:/usr/local/MacGPG2/share/man:/opt/homebrew/share/man:
# environment
VSCODE_AMD_ENTRYPOINT = vs/workbench/api/node/extensionHostProcess
# environment
HOME = /Users/robertu
# default
MAKEFILEPATH = $(shell /usr/bin/xcode-select -print-path 2>/dev/null || echo /Developer)/Makefiles
# environment
VSCODE_CLI = 1
# environment
VSCODE_CODE_CACHE_PATH = /Users/robertu/Library/Application Support/Code/CachedData/6d9b74a70ca9c7733b29f0456fd8195364076dda
# environment
LOGNAME = robertu
# environment
APPLICATION_INSIGHTS_NO_DIAGNOSTIC_CHANNEL = true
# environment
ZSH = /Users/robertu/.oh-my-zsh
# environment
VSCODE_HANDLES_UNCAUGHT_ERRORS = true
# automatic
^D = $(patsubst %/,%,$(dir $^))
# environment
MAKELEVEL := 0
# environment
XPC_FLAGS = 0x0
# environment
COLORTERM = truecolor
# default
MAKE = $(MAKE_COMMAND)
# default
MAKECMDGOALS := all
# environment
SHLVL = 3
# default
MAKE_VERSION := 3.81
# environment
USER = robertu
# makefile
.DEFAULT_GOAL := dev-server
# environment
LESS = -R
# automatic
%D = $(patsubst %/,%,$(dir $%))
# default
MAKE_COMMAND := /Library/Developer/CommandLineTools/usr/bin/make
# environment
VSCODE_GIT_ASKPASS_EXTRA_ARGS = --ms-enable-electron-run-as-node
# environment
TERM_PROGRAM = vscode
# default
.VARIABLES := 
# environment
TMPDIR = /var/folders/ym/lf41yzfn2q55y28dm12lnkv80000gn/T/
# automatic
*F = $(notdir $*)
# environment
VSCODE_IPC_HOOK = /Users/robertu/Library/Application Support/Code/1.70.1-main.sock
# environment
VSCODE_GIT_ASKPASS_NODE = /Applications/Visual Studio Code.app/Contents/Frameworks/Code Helper.app/Contents/MacOS/Code Helper
# environment
MallocNanoZone = 0
# makefile
MAKEFLAGS = Rrqp
# environment
MFLAGS = -Rrqp
# automatic
*D = $(patsubst %/,%,$(dir $*))
# environment
TERM_PROGRAM_VERSION = 1.70.1
# environment
XPC_SERVICE_NAME = application.com.microsoft.VSCode.62520534.62520540.2A76C328-5923-4135-9672-05E5B3D21A13
# environment
HOMEBREW_PREFIX = /opt/homebrew
# automatic
+D = $(patsubst %/,%,$(dir $+))
# environment
http_proxy = http://127.0.0.1:7890
# automatic
+F = $(notdir $+)
# environment
HOMEBREW_REPOSITORY = /opt/homebrew
# environment
__CF_USER_TEXT_ENCODING = 0x1F5:0x0:0x0
# environment
COMMAND_MODE = unix2003
# environment
GIT_ASKPASS = /Applications/Visual Studio Code.app/Contents/Resources/app/extensions/git/dist/askpass.sh
# default
MAKEFILES := 
# automatic
<F = $(notdir $<)
# environment
https_proxy = http://127.0.0.1:7890
# environment
PAGER = less
# environment
LC_ALL = C
# automatic
^F = $(notdir $^)
# default
SUFFIXES := 
# default
.INCLUDE_DIRS = /usr/local/include
# environment
VSCODE_GIT_IPC_HANDLE = /var/folders/ym/lf41yzfn2q55y28dm12lnkv80000gn/T/vscode-git-8dbed3c416.sock
# environment
AUTOJUMP_ERROR_PATH = /Users/robertu/Library/autojump/errors.log
# environment
LANG = C
# environment
TERM = xterm-256color
# environment
VSCODE_PID = 39893
# variable set hash-table stats:
# Load=87/1024=8%, Rehash=0, Collisions=4/111=4%

# Pattern-specific Variable Values

# No pattern-specific variable values.

# Directories

# . (device 16777232, inode 64528441): 14 files, no impossibilities.
# src (device 16777232, inode 64528537): 18 files, no impossibilities.

# 32 files, no impossibilities in 2 directories.

# Implicit Rules

# No implicit rules.

# Files

dev-server:
#  Implicit rule search has not been done.
#  Modification time never checked.
#  File has not been updated.
#  commands to execute (from `Makefile', line 2):
	npx elm-live src/Main.elm \
	--host=0.0.0.0 \
	--start-page=src/Native/app.html \
	-- --output=src/Native/elmapp.js --optimize
	

# Not a target:
all:
#  Command-line target.
#  Implicit rule search has been done.
#  File does not exist.
#  File has not been updated.
# variable set hash-table stats:
# Load=0/32=0%, Rehash=0, Collisions=0/0=0%

stag:
 
#  Implicit rule search has not been done.
#  Modification time never checked.
#  File has not been updated.
#  commands to execute (from `Makefile', line 53):
	-mkdir -p current/stag
	make backup-env
	-make _stag
	make restore-env
	

# Not a target:
.SUFFIXES:
#  Implicit rule search has not been done.
#  Modification time never checked.
#  File has not been updated.

prod:
#  Implicit rule search has not been done.
#  Modification time never checked.
#  File has not been updated.
#  commands to execute (from `Makefile', line 47):
	-mkdir -p current/prod
	make backup-env
	-make _prod
	make restore-env
	

# Not a target:
Makefile:
#  Implicit rule search has been done.
#  Last modified 2022-08-17 16:25:42
#  File has been updated.
#  Successfully updated.
# variable set hash-table stats:
# Load=0/32=0%, Rehash=0, Collisions=0/0=0%

_prod:
#  Implicit rule search has not been done.
#  Modification time never checked.
#  File has not been updated.
#  commands to execute (from `Makefile', line 25):
	cp src/Env/Production.env src/Env.elm
	npx elm-esm make src/Main.elm --output=src/Native/elmappesm.js --optimize
	npx rollup src/Native/main.js --format=iife --file=current/prod/app.js
	rm src/Native/elmappesm.js
	npx uglifyjs current/prod/app.js --compress \
	"pure_funcs=[F2,F3,F4,F5,F6,F7,F8,F9,A2,A3,A4,A5,A6,A7,A8,A9],pure_getters,keep_fargs=false,unsafe_comps,unsafe" | \
	npx uglifyjs --mangle --output current/prod/app.min.js
	node genHtml.js current/prod/app.min.js
	rm current/prod/app.js
	

restore-env:
#  Implicit rule search has not been done.
#  Modification time never checked.
#  File has not been updated.
#  commands to execute (from `Makefile', line 20):
	$(info >>> src/Env.bak not found, using src/Env/Development.env)
	cp src/Env/Development.env src/Env.elm
	

# Not a target:
.DEFAULT:
#  Implicit rule search has not been done.
#  Modification time never checked.
#  File has not been updated.

backup-env:
#  Implicit rule search has not been done.
#  Modification time never checked.
#  File has not been updated.
#  commands to execute (from `Makefile', line 14):
	cp src/Env.elm src/Env.bak
	

debug-server:
#  Implicit rule search has not been done.
#  Modification time never checked.
#  File has not been updated.
#  commands to execute (from `Makefile', line 8):
	npx elm-live src/Main.elm \
	--host=0.0.0.0 \
	--start-page=src/Native/app.html \
	-- --output=src/Native/elmapp.js --debug
	

_stag:
#  Implicit rule search has not been done.
#  Modification time never checked.
#  File has not been updated.
#  commands to execute (from `Makefile', line 36):
	cp src/Env/Staging.env src/Env.elm
	npx elm-esm make src/Main.elm --output=src/Native/elmappesm.js --optimize
	npx rollup src/Native/main.js --format=iife --file=current/stag/app.js
	rm src/Native/elmappesm.js
	npx uglifyjs current/stag/app.js --compress \
	"pure_funcs=[F2,F3,F4,F5,F6,F7,F8,F9,A2,A3,A4,A5,A6,A7,A8,A9],pure_getters,keep_fargs=false,unsafe_comps,unsafe" | \
	npx uglifyjs --mangle --output current/stag/app.min.js
	node genHtml.js current/stag/app.min.js
	rm current/stag/app.js
	

# files hash-table stats:
# Load=12/1024=1%, Rehash=0, Collisions=0/24=0%
# VPATH Search Paths

# No `vpath' search paths.

# No general (`VPATH' variable) search path.

# # of strings in strcache: 1
# # of strcache buffers: 1
# strcache size: total = 4096 / max = 4096 / min = 4096 / avg = 4096
# strcache free: total = 4087 / max = 4087 / min = 4087 / avg = 4087

# Finished Make data base on Wed Aug 17 16:25:54 2022

 
